[01:32:12] [ServerMain/INFO]: Environment: Environment[sessionHost=https://sessionserver.mojang.com, servicesHost=https://api.minecraftservices.com, name=PROD]
[01:32:13] [ServerMain/INFO]: Loaded 7 recipes
[01:32:14] [Server thread/INFO]: Starting minecraft server version 1.20.4
[01:32:14] [Server thread/INFO]: Loading properties
[01:32:14] [Server thread/INFO]: This server is running CraftBukkit version 4056-Spigot-e9ec548-176c0ad (MC: 1.20.4) (Implementing API version 1.20.4-R0.1-SNAPSHOT)
[01:32:14] [Server thread/INFO]: Debug logging is disabled
[01:32:14] [Server thread/INFO]: Server Ping Player Sample Count: 12
[01:32:14] [Server thread/INFO]: Using 4 threads for Netty based IO
[01:32:14] [Server thread/INFO]: Default game type: SURVIVAL
[01:32:14] [Server thread/INFO]: Generating keypair
[01:32:14] [Server thread/INFO]: Starting Minecraft server on *:25565
[01:32:14] [Server thread/INFO]: Using default channel type
[01:32:14] [Server thread/WARN]: Initializing Legacy Material Support. Unless you have legacy plugins and/or data this is a bug!
[01:32:16] [Server thread/WARN]: Legacy plugin RaspberryJuice v1.11 does not specify an api-version.
[01:32:16] [Server thread/INFO]: [RaspberryJuice] Loading RaspberryJuice v1.11
[01:32:16] [Server thread/INFO]: Preparing level "world"
[01:32:16] [Server thread/INFO]: -------- World Settings For [world] --------
[01:32:16] [Server thread/INFO]: Simulation Distance: 10
[01:32:16] [Server thread/INFO]: View Distance: 10
[01:32:16] [Server thread/INFO]: Allow Zombie Pigmen to spawn from portal blocks: true
[01:32:16] [Server thread/INFO]: Item Merge Radius: 2.5
[01:32:16] [Server thread/INFO]: Item Despawn Rate: 6000
[01:32:16] [Server thread/INFO]: Nerfing mobs spawned from spawners: false
[01:32:16] [Server thread/INFO]: Arrow Despawn Rate: 1200 Trident Respawn Rate:1200
[01:32:16] [Server thread/INFO]: Experience Merge Radius: 3.0
[01:32:16] [Server thread/INFO]: Mob Spawn Range: 6
[01:32:16] [Server thread/INFO]: Cactus Growth Modifier: 100%
[01:32:16] [Server thread/INFO]: Cane Growth Modifier: 100%
[01:32:16] [Server thread/INFO]: Melon Growth Modifier: 100%
[01:32:16] [Server thread/INFO]: Mushroom Growth Modifier: 100%
[01:32:16] [Server thread/INFO]: Pumpkin Growth Modifier: 100%
[01:32:16] [Server thread/INFO]: Sapling Growth Modifier: 100%
[01:32:16] [Server thread/INFO]: Beetroot Growth Modifier: 100%
[01:32:16] [Server thread/INFO]: Carrot Growth Modifier: 100%
[01:32:16] [Server thread/INFO]: Potato Growth Modifier: 100%
[01:32:16] [Server thread/INFO]: Wheat Growth Modifier: 100%
[01:32:16] [Server thread/INFO]: NetherWart Growth Modifier: 100%
[01:32:16] [Server thread/INFO]: Vine Growth Modifier: 100%
[01:32:16] [Server thread/INFO]: Cocoa Growth Modifier: 100%
[01:32:16] [Server thread/INFO]: Bamboo Growth Modifier: 100%
[01:32:16] [Server thread/INFO]: SweetBerry Growth Modifier: 100%
[01:32:16] [Server thread/INFO]: Kelp Growth Modifier: 100%
[01:32:16] [Server thread/INFO]: TwistingVines Growth Modifier: 100%
[01:32:16] [Server thread/INFO]: WeepingVines Growth Modifier: 100%
[01:32:16] [Server thread/INFO]: CaveVines Growth Modifier: 100%
[01:32:16] [Server thread/INFO]: Entity Tracking Range: Pl 48 / An 48 / Mo 48 / Mi 32 / Di 128 / Other 64
[01:32:16] [Server thread/INFO]: Entity Activation Range: An 32 / Mo 32 / Ra 48 / Mi 16 / Tiv true / Isa false
[01:32:16] [Server thread/INFO]: Hopper Transfer: 8 Hopper Check: 1 Hopper Amount: 1 Hopper Can Load Chunks: false
[01:32:16] [Server thread/INFO]: Custom Map Seeds:  Village: 10387312 Desert: 14357617 Igloo: 14357618 Jungle: 14357619 Swamp: 14357620 Monument: 10387313 Ocean: 14357621 Shipwreck: 165745295 End City: 10387313 Slime: 987234911 Nether: 30084232 Mansion: 10387319 Fossil: 14357921 Portal: 34222645
[01:32:16] [Server thread/INFO]: Tile Max Tick Time: 50ms Entity max Tick Time: 50ms
[01:32:16] [Server thread/INFO]: Max TNT Explosions: 100
[01:32:16] [Server thread/INFO]: Zombie Aggressive Towards Villager: true
[01:32:16] [Server thread/INFO]: -------- World Settings For [world_nether] --------
[01:32:16] [Server thread/INFO]: Simulation Distance: 10
[01:32:16] [Server thread/INFO]: View Distance: 10
[01:32:16] [Server thread/INFO]: Allow Zombie Pigmen to spawn from portal blocks: true
[01:32:16] [Server thread/INFO]: Item Merge Radius: 2.5
[01:32:16] [Server thread/INFO]: Item Despawn Rate: 6000
[01:32:16] [Server thread/INFO]: Nerfing mobs spawned from spawners: false
[01:32:16] [Server thread/INFO]: Arrow Despawn Rate: 1200 Trident Respawn Rate:1200
[01:32:16] [Server thread/INFO]: Experience Merge Radius: 3.0
[01:32:16] [Server thread/INFO]: Mob Spawn Range: 6
[01:32:16] [Server thread/INFO]: Cactus Growth Modifier: 100%
[01:32:16] [Server thread/INFO]: Cane Growth Modifier: 100%
[01:32:16] [Server thread/INFO]: Melon Growth Modifier: 100%
[01:32:16] [Server thread/INFO]: Mushroom Growth Modifier: 100%
[01:32:16] [Server thread/INFO]: Pumpkin Growth Modifier: 100%
[01:32:16] [Server thread/INFO]: Sapling Growth Modifier: 100%
[01:32:16] [Server thread/INFO]: Beetroot Growth Modifier: 100%
[01:32:16] [Server thread/INFO]: Carrot Growth Modifier: 100%
[01:32:16] [Server thread/INFO]: Potato Growth Modifier: 100%
[01:32:16] [Server thread/INFO]: Wheat Growth Modifier: 100%
[01:32:16] [Server thread/INFO]: NetherWart Growth Modifier: 100%
[01:32:16] [Server thread/INFO]: Vine Growth Modifier: 100%
[01:32:16] [Server thread/INFO]: Cocoa Growth Modifier: 100%
[01:32:16] [Server thread/INFO]: Bamboo Growth Modifier: 100%
[01:32:16] [Server thread/INFO]: SweetBerry Growth Modifier: 100%
[01:32:16] [Server thread/INFO]: Kelp Growth Modifier: 100%
[01:32:16] [Server thread/INFO]: TwistingVines Growth Modifier: 100%
[01:32:16] [Server thread/INFO]: WeepingVines Growth Modifier: 100%
[01:32:16] [Server thread/INFO]: CaveVines Growth Modifier: 100%
[01:32:16] [Server thread/INFO]: Entity Tracking Range: Pl 48 / An 48 / Mo 48 / Mi 32 / Di 128 / Other 64
[01:32:16] [Server thread/INFO]: Entity Activation Range: An 32 / Mo 32 / Ra 48 / Mi 16 / Tiv true / Isa false
[01:32:16] [Server thread/INFO]: Hopper Transfer: 8 Hopper Check: 1 Hopper Amount: 1 Hopper Can Load Chunks: false
[01:32:16] [Server thread/INFO]: Custom Map Seeds:  Village: 10387312 Desert: 14357617 Igloo: 14357618 Jungle: 14357619 Swamp: 14357620 Monument: 10387313 Ocean: 14357621 Shipwreck: 165745295 End City: 10387313 Slime: 987234911 Nether: 30084232 Mansion: 10387319 Fossil: 14357921 Portal: 34222645
[01:32:16] [Server thread/INFO]: Tile Max Tick Time: 50ms Entity max Tick Time: 50ms
[01:32:16] [Server thread/INFO]: Max TNT Explosions: 100
[01:32:16] [Server thread/INFO]: Zombie Aggressive Towards Villager: true
[01:32:16] [Server thread/INFO]: -------- World Settings For [world_the_end] --------
[01:32:16] [Server thread/INFO]: Simulation Distance: 10
[01:32:16] [Server thread/INFO]: View Distance: 10
[01:32:16] [Server thread/INFO]: Allow Zombie Pigmen to spawn from portal blocks: true
[01:32:16] [Server thread/INFO]: Item Merge Radius: 2.5
[01:32:16] [Server thread/INFO]: Item Despawn Rate: 6000
[01:32:16] [Server thread/INFO]: Nerfing mobs spawned from spawners: false
[01:32:16] [Server thread/INFO]: Arrow Despawn Rate: 1200 Trident Respawn Rate:1200
[01:32:16] [Server thread/INFO]: Experience Merge Radius: 3.0
[01:32:16] [Server thread/INFO]: Mob Spawn Range: 6
[01:32:16] [Server thread/INFO]: Cactus Growth Modifier: 100%
[01:32:16] [Server thread/INFO]: Cane Growth Modifier: 100%
[01:32:16] [Server thread/INFO]: Melon Growth Modifier: 100%
[01:32:16] [Server thread/INFO]: Mushroom Growth Modifier: 100%
[01:32:16] [Server thread/INFO]: Pumpkin Growth Modifier: 100%
[01:32:16] [Server thread/INFO]: Sapling Growth Modifier: 100%
[01:32:16] [Server thread/INFO]: Beetroot Growth Modifier: 100%
[01:32:16] [Server thread/INFO]: Carrot Growth Modifier: 100%
[01:32:16] [Server thread/INFO]: Potato Growth Modifier: 100%
[01:32:16] [Server thread/INFO]: Wheat Growth Modifier: 100%
[01:32:16] [Server thread/INFO]: NetherWart Growth Modifier: 100%
[01:32:16] [Server thread/INFO]: Vine Growth Modifier: 100%
[01:32:16] [Server thread/INFO]: Cocoa Growth Modifier: 100%
[01:32:16] [Server thread/INFO]: Bamboo Growth Modifier: 100%
[01:32:16] [Server thread/INFO]: SweetBerry Growth Modifier: 100%
[01:32:16] [Server thread/INFO]: Kelp Growth Modifier: 100%
[01:32:16] [Server thread/INFO]: TwistingVines Growth Modifier: 100%
[01:32:16] [Server thread/INFO]: WeepingVines Growth Modifier: 100%
[01:32:16] [Server thread/INFO]: CaveVines Growth Modifier: 100%
[01:32:16] [Server thread/INFO]: Entity Tracking Range: Pl 48 / An 48 / Mo 48 / Mi 32 / Di 128 / Other 64
[01:32:16] [Server thread/INFO]: Entity Activation Range: An 32 / Mo 32 / Ra 48 / Mi 16 / Tiv true / Isa false
[01:32:16] [Server thread/INFO]: Hopper Transfer: 8 Hopper Check: 1 Hopper Amount: 1 Hopper Can Load Chunks: false
[01:32:16] [Server thread/INFO]: Custom Map Seeds:  Village: 10387312 Desert: 14357617 Igloo: 14357618 Jungle: 14357619 Swamp: 14357620 Monument: 10387313 Ocean: 14357621 Shipwreck: 165745295 End City: 10387313 Slime: 987234911 Nether: 30084232 Mansion: 10387319 Fossil: 14357921 Portal: 34222645
[01:32:16] [Server thread/INFO]: Tile Max Tick Time: 50ms Entity max Tick Time: 50ms
[01:32:16] [Server thread/INFO]: Max TNT Explosions: 100
[01:32:16] [Server thread/INFO]: Zombie Aggressive Towards Villager: true
[01:32:16] [Server thread/INFO]: Preparing start region for dimension minecraft:overworld
[01:32:19] [Worker-Main-2/INFO]: Preparing spawn area: 0%
[01:32:19] [Worker-Main-2/INFO]: Preparing spawn area: 0%
[01:32:19] [Worker-Main-2/INFO]: Preparing spawn area: 0%
[01:32:19] [Worker-Main-2/INFO]: Preparing spawn area: 0%
[01:32:19] [Worker-Main-2/INFO]: Preparing spawn area: 0%
[01:32:19] [Worker-Main-7/INFO]: Preparing spawn area: 8%
[01:32:19] [Server thread/INFO]: Time elapsed: 2601 ms
[01:32:19] [Server thread/INFO]: Preparing start region for dimension minecraft:the_nether
[01:32:21] [Worker-Main-1/INFO]: Preparing spawn area: 0%
[01:32:21] [Worker-Main-12/INFO]: Preparing spawn area: 0%
[01:32:21] [Worker-Main-2/INFO]: Preparing spawn area: 0%
[01:32:21] [Worker-Main-1/INFO]: Preparing spawn area: 0%
[01:32:21] [Worker-Main-12/INFO]: Preparing spawn area: 0%
[01:32:21] [Server thread/INFO]: Time elapsed: 2440 ms
[01:32:21] [Server thread/INFO]: Preparing start region for dimension minecraft:the_end
[01:32:23] [Worker-Main-9/INFO]: Preparing spawn area: 0%
[01:32:23] [Worker-Main-9/INFO]: Preparing spawn area: 0%
[01:32:23] [Worker-Main-9/INFO]: Preparing spawn area: 0%
[01:32:23] [Worker-Main-2/INFO]: Preparing spawn area: 0%
[01:32:23] [Server thread/INFO]: Time elapsed: 1991 ms
[01:32:23] [Server thread/INFO]: [RaspberryJuice] Enabling RaspberryJuice v1.11
[01:32:23] [Server thread/INFO]: [RaspberryJuice] Using port 4711
[01:32:23] [Server thread/INFO]: [RaspberryJuice] Using RELATIVE locations
[01:32:23] [Server thread/INFO]: [RaspberryJuice] Using RIGHT clicks for hits
[01:32:23] [Server thread/INFO]: [RaspberryJuice] ThreadListener Started
[01:32:23] [Server thread/INFO]: Server permissions file permissions.yml is empty, ignoring it
[01:32:23] [Server thread/INFO]: Done (7.685s)! For help, type "help"
[01:34:01] [Thread-10/INFO]: [RaspberryJuice] Starting input thread
[01:34:01] [Thread-8/INFO]: [RaspberryJuice] Opened connection to/127.0.0.1:51141.
[01:34:01] [Thread-11/INFO]: [RaspberryJuice] Starting output thread!
[01:34:01] [Server thread/WARN]: [RaspberryJuice] Error occured handling command
[01:34:01] [Server thread/WARN]: java.lang.NullPointerException: Cannot invoke "org.bukkit.entity.Player.getLocation()" because "currentPlayer" is null
[01:34:01] [Server thread/WARN]: 	at net.zhuoweizhang.raspberryjuice.RemoteSession.handleCommand(RemoteSession.java:292)
[01:34:01] [Server thread/WARN]: 	at net.zhuoweizhang.raspberryjuice.RemoteSession.handleLine(RemoteSession.java:134)
[01:34:01] [Server thread/WARN]: 	at net.zhuoweizhang.raspberryjuice.RemoteSession.tick(RemoteSession.java:114)
[01:34:01] [Server thread/WARN]: 	at net.zhuoweizhang.raspberryjuice.RaspberryJuicePlugin$TickHandler.run(RaspberryJuicePlugin.java:206)
[01:34:01] [Server thread/WARN]: 	at org.bukkit.craftbukkit.v1_20_R3.scheduler.CraftTask.run(CraftTask.java:82)
[01:34:01] [Server thread/WARN]: 	at org.bukkit.craftbukkit.v1_20_R3.scheduler.CraftScheduler.mainThreadHeartbeat(CraftScheduler.java:415)
[01:34:01] [Server thread/WARN]: 	at net.minecraft.server.MinecraftServer.b(MinecraftServer.java:1339)
[01:34:01] [Server thread/WARN]: 	at net.minecraft.server.dedicated.DedicatedServer.b(DedicatedServer.java:387)
[01:34:01] [Server thread/WARN]: 	at net.minecraft.server.MinecraftServer.a(MinecraftServer.java:1242)
[01:34:01] [Server thread/WARN]: 	at net.minecraft.server.MinecraftServer.w(MinecraftServer.java:1054)
[01:34:01] [Server thread/WARN]: 	at net.minecraft.server.MinecraftServer.lambda$0(MinecraftServer.java:304)
[01:34:01] [Server thread/WARN]: 	at java.base/java.lang.Thread.run(Thread.java:842)
[01:34:01] [Server thread/INFO]: [RaspberryJuice] Closed connection to/127.0.0.1:51141.
[01:35:24] [User Authenticator #1/INFO]: UUID of player KittenInAMitten is a77260fd-eb19-42ae-978e-9284461312d0
[01:35:24] [Server thread/INFO]: KittenInAMitten joined the game
[01:35:24] [Server thread/INFO]: KittenInAMitten[/127.0.0.1:51298] logged in with entity id 124 at ([world]7.5, 73.0, 9.5)
[01:35:34] [Thread-8/INFO]: [RaspberryJuice] Opened connection to/127.0.0.1:51311.
[01:35:34] [Thread-14/INFO]: [RaspberryJuice] Starting input thread
[01:35:34] [Thread-15/INFO]: [RaspberryJuice] Starting output thread!
[01:39:54] [Server thread/INFO]: [RaspberryJuice] Closed connection to/127.0.0.1:51311.
[01:40:00] [Thread-8/INFO]: [RaspberryJuice] Opened connection to/127.0.0.1:51358.
[01:40:00] [Thread-17/INFO]: [RaspberryJuice] Starting input thread
[01:40:00] [Thread-18/INFO]: [RaspberryJuice] Starting output thread!
[01:40:09] [Server thread/INFO]: [RaspberryJuice] Closed connection to/127.0.0.1:51358.
[01:40:10] [Thread-8/INFO]: [RaspberryJuice] Opened connection to/127.0.0.1:51361.
[01:40:10] [Thread-19/INFO]: [RaspberryJuice] Starting input thread
[01:40:10] [Thread-20/INFO]: [RaspberryJuice] Starting output thread!
[01:40:12] [Server thread/INFO]: [RaspberryJuice] Closed connection to/127.0.0.1:51361.
[01:45:03] [Thread-8/INFO]: [RaspberryJuice] Opened connection to/127.0.0.1:51403.
[01:45:03] [Thread-23/INFO]: [RaspberryJuice] Starting input thread
[01:45:03] [Thread-24/INFO]: [RaspberryJuice] Starting output thread!
[01:45:03] [Server thread/INFO]: [RaspberryJuice] Closed connection to/127.0.0.1:51403.
[01:46:20] [Thread-8/INFO]: [RaspberryJuice] Opened connection to/127.0.0.1:51416.
[01:46:20] [Thread-26/INFO]: [RaspberryJuice] Starting output thread!
[01:46:20] [Thread-25/INFO]: [RaspberryJuice] Starting input thread
[01:46:20] [Server thread/INFO]: [RaspberryJuice] Closed connection to/127.0.0.1:51416.
[01:46:29] [Thread-8/INFO]: [RaspberryJuice] Opened connection to/127.0.0.1:51417.
[01:46:29] [Thread-28/INFO]: [RaspberryJuice] Starting output thread!
[01:46:29] [Thread-27/INFO]: [RaspberryJuice] Starting input thread
[01:46:36] [Server thread/INFO]: [RaspberryJuice] Closed connection to/127.0.0.1:51417.
[01:46:42] [Thread-8/INFO]: [RaspberryJuice] Opened connection to/127.0.0.1:51419.
[01:46:42] [Thread-30/INFO]: [RaspberryJuice] Starting output thread!
[01:46:42] [Thread-29/INFO]: [RaspberryJuice] Starting input thread
[01:46:48] [Server thread/INFO]: [RaspberryJuice] Closed connection to/127.0.0.1:51419.
[01:46:55] [Thread-8/INFO]: [RaspberryJuice] Opened connection to/127.0.0.1:51421.
[01:46:55] [Thread-31/INFO]: [RaspberryJuice] Starting input thread
[01:46:55] [Thread-32/INFO]: [RaspberryJuice] Starting output thread!
[01:46:59] [Server thread/INFO]: [RaspberryJuice] Closed connection to/127.0.0.1:51421.
[01:47:21] [Thread-8/INFO]: [RaspberryJuice] Opened connection to/127.0.0.1:51424.
[01:47:21] [Thread-34/INFO]: [RaspberryJuice] Starting output thread!
[01:47:21] [Thread-33/INFO]: [RaspberryJuice] Starting input thread
[01:47:23] [Server thread/INFO]: [RaspberryJuice] Closed connection to/127.0.0.1:51424.
[01:47:50] [Thread-8/INFO]: [RaspberryJuice] Opened connection to/127.0.0.1:51427.
[01:47:50] [Thread-37/INFO]: [RaspberryJuice] Starting output thread!
[01:47:50] [Thread-36/INFO]: [RaspberryJuice] Starting input thread
[01:48:03] [Server thread/INFO]: [RaspberryJuice] Closed connection to/127.0.0.1:51427.
[01:48:26] [Thread-8/INFO]: [RaspberryJuice] Opened connection to/127.0.0.1:51435.
[01:48:26] [Thread-38/INFO]: [RaspberryJuice] Starting input thread
[01:48:26] [Thread-39/INFO]: [RaspberryJuice] Starting output thread!
[01:48:27] [Server thread/INFO]: [RaspberryJuice] Closed connection to/127.0.0.1:51435.
[01:48:39] [Thread-8/INFO]: [RaspberryJuice] Opened connection to/127.0.0.1:51438.
[01:48:39] [Thread-40/INFO]: [RaspberryJuice] Starting input thread
[01:48:39] [Thread-41/INFO]: [RaspberryJuice] Starting output thread!
[01:48:42] [Server thread/INFO]: [RaspberryJuice] Closed connection to/127.0.0.1:51438.
[01:49:09] [Thread-8/INFO]: [RaspberryJuice] Opened connection to/127.0.0.1:51443.
[01:49:09] [Thread-43/INFO]: [RaspberryJuice] Starting output thread!
[01:49:09] [Thread-42/INFO]: [RaspberryJuice] Starting input thread
[01:49:13] [Server thread/INFO]: [RaspberryJuice] Closed connection to/127.0.0.1:51443.
[01:49:25] [Thread-8/INFO]: [RaspberryJuice] Opened connection to/127.0.0.1:51449.
[01:49:25] [Thread-44/INFO]: [RaspberryJuice] Starting input thread
[01:49:25] [Thread-45/INFO]: [RaspberryJuice] Starting output thread!
[01:49:31] [Server thread/INFO]: [RaspberryJuice] Closed connection to/127.0.0.1:51449.
[01:50:06] [Thread-8/INFO]: [RaspberryJuice] Opened connection to/127.0.0.1:51457.
[01:50:06] [Thread-46/INFO]: [RaspberryJuice] Starting input thread
[01:50:06] [Thread-47/INFO]: [RaspberryJuice] Starting output thread!
[01:50:17] [Server thread/INFO]: [RaspberryJuice] Closed connection to/127.0.0.1:51457.
[01:51:40] [Thread-8/INFO]: [RaspberryJuice] Opened connection to/127.0.0.1:51469.
[01:51:40] [Thread-49/INFO]: [RaspberryJuice] Starting output thread!
[01:51:40] [Thread-48/INFO]: [RaspberryJuice] Starting input thread
[01:51:54] [Server thread/INFO]: [RaspberryJuice] Closed connection to/127.0.0.1:51469.
[01:53:26] [Thread-8/INFO]: [RaspberryJuice] Opened connection to/127.0.0.1:51484.
[01:53:26] [Thread-52/INFO]: [RaspberryJuice] Starting input thread
[01:53:26] [Thread-53/INFO]: [RaspberryJuice] Starting output thread!
[01:56:52] [Server thread/INFO]: [RaspberryJuice] Closed connection to/127.0.0.1:51484.
[01:56:53] [Thread-8/INFO]: [RaspberryJuice] Opened connection to/127.0.0.1:51522.
[01:56:53] [Thread-54/INFO]: [RaspberryJuice] Starting input thread
[01:56:53] [Thread-55/INFO]: [RaspberryJuice] Starting output thread!
[01:57:06] [Server thread/INFO]: [RaspberryJuice] Closed connection to/127.0.0.1:51522.
[01:57:07] [Thread-8/INFO]: [RaspberryJuice] Opened connection to/127.0.0.1:51525.
[01:57:07] [Thread-56/INFO]: [RaspberryJuice] Starting input thread
[01:57:07] [Thread-57/INFO]: [RaspberryJuice] Starting output thread!
[01:57:26] [Server thread/INFO]: KittenInAMitten lost connection: Disconnected
[01:57:26] [Server thread/INFO]: KittenInAMitten left the game
[01:57:37] [Server thread/INFO]: [RaspberryJuice] Closed connection to/127.0.0.1:51525.
[01:57:45] [Server thread/INFO]: Stopping the server
[01:57:45] [Server thread/INFO]: Stopping server
[01:57:45] [Server thread/INFO]: [RaspberryJuice] Disabling RaspberryJuice v1.11
[01:57:45] [Server thread/INFO]: [RaspberryJuice] Raspberry Juice Stopped
[01:57:45] [Server thread/INFO]: Saving players
[01:57:45] [Server thread/INFO]: Saving worlds
[01:57:46] [Server thread/INFO]: Saving chunks for level 'ServerLevel[world]'/minecraft:overworld
[01:57:47] [Server thread/INFO]: Saving chunks for level 'ServerLevel[world_nether]'/minecraft:the_nether
[01:57:47] [Server thread/INFO]: Saving chunks for level 'ServerLevel[world_the_end]'/minecraft:the_end
[01:57:47] [Server thread/INFO]: ThreadedAnvilChunkStorage (world): All chunks are saved
[01:57:47] [Server thread/INFO]: ThreadedAnvilChunkStorage (DIM-1): All chunks are saved
[01:57:47] [Server thread/INFO]: ThreadedAnvilChunkStorage (DIM1): All chunks are saved
[01:57:47] [Server thread/INFO]: ThreadedAnvilChunkStorage: All dimensions are saved
